Started by user unknown or anonymous
Building in workspace D:\workspace\SideeXWebSevicePlugin\work\workspace\SideeX Jenkins Plugin
No credentials specified
Cloning the remote Git repository
Cloning repository https://github.com/kiam123/SideeXWebServiceInputFile.git
 > git.exe init D:\workspace\SideeXWebSevicePlugin\work\workspace\SideeX Jenkins Plugin # timeout=10
Fetching upstream changes from https://github.com/kiam123/SideeXWebServiceInputFile.git
 > git.exe --version # timeout=10
 > git.exe fetch --tags --progress -- https://github.com/kiam123/SideeXWebServiceInputFile.git +refs/heads/*:refs/remotes/origin/* # timeout=10
 > git.exe config remote.origin.url https://github.com/kiam123/SideeXWebServiceInputFile.git # timeout=10
 > git.exe config --add remote.origin.fetch +refs/heads/*:refs/remotes/origin/* # timeout=10
 > git.exe config remote.origin.url https://github.com/kiam123/SideeXWebServiceInputFile.git # timeout=10
Fetching upstream changes from https://github.com/kiam123/SideeXWebServiceInputFile.git
 > git.exe fetch --tags --progress -- https://github.com/kiam123/SideeXWebServiceInputFile.git +refs/heads/*:refs/remotes/origin/* # timeout=10
 > git.exe rev-parse "refs/remotes/origin/master^{commit}" # timeout=10
 > git.exe rev-parse "refs/remotes/origin/origin/master^{commit}" # timeout=10
Checking out Revision 09ec0b75082c8eceabb68f2a2169ff6af5c65ed1 (refs/remotes/origin/master)
 > git.exe config core.sparsecheckout # timeout=10
 > git.exe checkout -f 09ec0b75082c8eceabb68f2a2169ff6af5c65ed1 # timeout=10
Commit message: "first commit"
First time build. Skipping changelog.
Testing123
{"token":"0807081e-3de1-4c3a-b2dc-0df0bf346e08"}
SideeX Runner state is running
SideeX Runner state is running
SideeX Runner state is running
SideeX Runner state is running
SideeX Runner state is running
SideeX Runner state is running
SideeX Runner state is running
SideeX Runner state is running
SideeX Runner state is running
SideeX Runner state is running
SideeX Runner state is running
SideeX Runner state is running
SideeX Runner state is running
SideeX Runner state is running
SideeX Runner state is running
SideeX Runner state is running
SideeX Runner state is running
SideeX Runner state is running
SideeX Runner state is running
SideeX Runner state is running
SideeX Runner state is running
SideeX Runner state is running
SideeX Runner state is running
SideeX Runner state is running
SideeX Runner state is running
SideeX Runner state is finish
Reports has been generated, you can go to http://127.0.0.1:50000/sideex-webservice-reports?token=0807081e-3de1-4c3a-b2dc-0df0bf346e08 to download
+-----------------------------------------------------------------------------------------------------------------+
|                                                 Report Summarry                                                 |
+-------------------------+---------------------------------------------------------------------------------------+
|          Suites         |                                  Untitled Test Suite                                  |
+-------------------------+---------------------------------------------------------------------------------------+
|      SideeX Version     |                                         3.3.6                                         |
+-------------------------+---------------------------------------------------------------------------------------+
|         Browser         |                                  chrome 81.0.4044.129                                 |
+-------------------------+---------------------------------------------------------------------------------------+
|         Platform        |                                        windows                                        |
+-------------------------+---------------------------------------------------------------------------------------+
|         Language        |                                       (default)                                       |
+-------------------------+---------------------------------------------------------------------------------------+
|        Start Time       |                                   20200430 11:28:30                                   |
+-------------------------+---------------------------------------------------------------------------------------+
|         End Time        |                                   20200430 11:29:09                                   |
+-------------------------+---------------------------------------------------------------------------------------+
| Passed / Total Suite(s) |                                         0 / 1                                         |
+-------------------------+---------------------------------------------------------------------------------------+
|  Passed / Total Case(s) |                                         0 / 1                                         |
+-------------------------+---------------------------------------------------------------------------------------+

FATAL: Test Case Failed
java.io.IOException: Test Case Failed
	at SideeXJenkinsPlugin.perform(SideeXJenkinsPlugin.java:101)
	at hudson.tasks.BuildStepCompatibilityLayer.perform(BuildStepCompatibilityLayer.java:85)
	at hudson.tasks.BuildStepMonitor$1.perform(BuildStepMonitor.java:20)
	at hudson.model.AbstractBuild$AbstractBuildExecution.perform(AbstractBuild.java:744)
	at hudson.model.Build$BuildExecution.build(Build.java:206)
	at hudson.model.Build$BuildExecution.doRun(Build.java:163)
	at hudson.model.AbstractBuild$AbstractBuildExecution.run(AbstractBuild.java:504)
	at hudson.model.Run.execute(Run.java:1816)
	at hudson.model.FreeStyleBuild.run(FreeStyleBuild.java:43)
	at hudson.model.ResourceController.execute(ResourceController.java:97)
	at hudson.model.Executor.run(Executor.java:429)
Finished: FAILURE
