Started by user unknown or anonymous
Building in workspace D:\workspace\SideeXWebSevicePlugin\work\workspace\SideeX Jenkins Plugin
No credentials specified
 > git.exe rev-parse --is-inside-work-tree # timeout=10
Fetching changes from the remote Git repository
 > git.exe config remote.origin.url https://github.com/kiam123/SideeXWebServiceInputFile.git # timeout=10
Fetching upstream changes from https://github.com/kiam123/SideeXWebServiceInputFile.git
 > git.exe --version # timeout=10
 > git.exe fetch --tags --progress -- https://github.com/kiam123/SideeXWebServiceInputFile.git +refs/heads/*:refs/remotes/origin/* # timeout=10
 > git.exe rev-parse "refs/remotes/origin/master^{commit}" # timeout=10
 > git.exe rev-parse "refs/remotes/origin/origin/master^{commit}" # timeout=10
Checking out Revision f91a5838aab5ac1ccfefcf78d36ce7318789fc8a (refs/remotes/origin/master)
 > git.exe config core.sparsecheckout # timeout=10
 > git.exe checkout -f f91a5838aab5ac1ccfefcf78d36ce7318789fc8a # timeout=10
Commit message: "update"
 > git.exe rev-list --no-walk f91a5838aab5ac1ccfefcf78d36ce7318789fc8a # timeout=10
{"token":"76b09b76-e288-4bb6-998f-967d9e09177a"}
SideeX Runner state is running
SideeX Runner state is running
SideeX Runner state is running
SideeX Runner state is running
SideeX Runner state is running
SideeX Runner state is running
SideeX Runner state is running
SideeX Runner state is running
SideeX Runner state is running
SideeX Runner state is running
SideeX Runner state is running
SideeX Runner state is running
SideeX Runner state is running
SideeX Runner state is running
SideeX Runner state is running
SideeX Runner state is running
SideeX Runner state is running
SideeX Runner state is running
SideeX Runner state is running
SideeX Runner state is running
SideeX Runner state is running
SideeX Runner state is running
SideeX Runner state is running
SideeX Runner state is finish
Reports has been generated, you can go to http://127.0.0.1:50000/sideex-webservice-reports?token=76b09b76-e288-4bb6-998f-967d9e09177a to download
+-----------------------------------------------------------------------------------------------------------------+
|                                                 Report Summarry                                                 |
+-------------------------+---------------------------------------------------------------------------------------+
|          Suites         |                                  Untitled Test Suite                                  |
+-------------------------+---------------------------------------------------------------------------------------+
|      SideeX Version     |                                         3.3.6                                         |
+-------------------------+---------------------------------------------------------------------------------------+
|         Browser         |                                  chrome 81.0.4044.129                                 |
+-------------------------+---------------------------------------------------------------------------------------+
|         Platform        |                                        windows                                        |
+-------------------------+---------------------------------------------------------------------------------------+
|         Language        |                                       (default)                                       |
+-------------------------+---------------------------------------------------------------------------------------+
|        Start Time       |                                   20200501 12:17:10                                   |
+-------------------------+---------------------------------------------------------------------------------------+
|         End Time        |                                   20200501 12:17:48                                   |
+-------------------------+---------------------------------------------------------------------------------------+
| Passed / Total Suite(s) |                                         0 / 1                                         |
+-------------------------+---------------------------------------------------------------------------------------+
|  Passed / Total Case(s) |                                         0 / 1                                         |
+-------------------------+---------------------------------------------------------------------------------------+

FATAL: Test Case Failed
java.io.IOException: Test Case Failed
	at SideeXJenkinsPlugin.perform(SideeXJenkinsPlugin.java:103)
	at hudson.tasks.BuildStepCompatibilityLayer.perform(BuildStepCompatibilityLayer.java:85)
	at hudson.tasks.BuildStepMonitor$1.perform(BuildStepMonitor.java:20)
	at hudson.model.AbstractBuild$AbstractBuildExecution.perform(AbstractBuild.java:744)
	at hudson.model.Build$BuildExecution.build(Build.java:206)
	at hudson.model.Build$BuildExecution.doRun(Build.java:163)
	at hudson.model.AbstractBuild$AbstractBuildExecution.run(AbstractBuild.java:504)
	at hudson.model.Run.execute(Run.java:1816)
	at hudson.model.FreeStyleBuild.run(FreeStyleBuild.java:43)
	at hudson.model.ResourceController.execute(ResourceController.java:97)
	at hudson.model.Executor.run(Executor.java:429)
Finished: FAILURE
